                              1 ;--------------------------------------------------------------------------
                              2 ;  header.s
                              3 ;
                              4 ;  Copyright (C) 2016, Andreas Ziermann
                              5 ;
                              6 ;  This library is free software; you can redistribute it and/or modify it
                              7 ;  under the terms of the GNU General Public License as published by the
                              8 ;  Free Software Foundation; either version 2, or (at your option) any
                              9 ;  later version.
                             10 ;
                             11 ;  This library is distributed in the hope that it will be useful,
                             12 ;  but WITHOUT ANY WARRANTY; without even the implied warranty of
                             13 ;  MERCHANTABILITY or FITNESS FOR A PARTICULAR PURPOSE. See the
                             14 ;  GNU General Public License for more details.
                             15 ;
                             16 ;  You should have received a copy of the GNU General Public License
                             17 ;  along with this library; see the file COPYING. If not, write to the
                             18 ;  Free Software Foundation, 51 Franklin Street, Fifth Floor, Boston,
                             19 ;   MA 02110-1301, USA.
                             20 ;
                             21 ;  As a special exception, if you link this library with other files,
                             22 ;  some of which are compiled with SDCC, to produce an executable,
                             23 ;  this library does not by itself cause the resulting executable to
                             24 ;  be covered by the GNU General Public License. This exception does
                             25 ;  not however invalidate any other reasons why the executable file
                             26 ;   might be covered by the GNU General Public License.
                             27 ;--------------------------------------------------------------------------
                             28 
                             29 ; specific header to automatic generate KCC format 
                             30 ; (which is used by simulator, disk, tape, USB, etc...)
                             31 
                             32         .module header
                             33 
                             34         .globl init
                             35         .globl s__CODE
                             36         .globl s__DATA
                             37 
                             38         .area   _KCC_HEADER (abs)
                             39 
   0000 20 20 20 20 20 20    40         .ascii '        '   ; name (placeholder 8 chars)
        20 20
   0008 4B 43 43             41         .ascii 'KCC'        ; extension
   000B                      42         .ds 5               ; reserved
   0010 03                   43         .db 0x03            ; 0x02 = load, 0x03 = autostart
   0011r00r00                44         .dw s__CODE         ; load address
   0013r00r00                45         .dw s__DATA         ; end address + 1
   0015r00r00                46         .dw init            ; start address
